<?xml version="1.0" encoding="UTF-8"?>
<!-- Generated by org.testng.reporters.JUnitReportReporter -->
<testsuite hostname="LCN06147067" name="test.lesson1" tests="1" failures="0" timestamp="23 Apr 2017 07:14:32 GMT" time="24.779" errors="0">
  <testcase name="test" time="24.779" classname="test.lesson1"/>
</testsuite> <!-- test.lesson1 -->
