<?xml version="1.0" encoding="UTF-8"?>
<!-- Generated by org.testng.reporters.JUnitReportReporter -->
<testsuite hostname="LCN06147067" name="test.chromepro" tests="1" failures="0" timestamp="23 Apr 2017 07:14:32 GMT" time="21.870" errors="0">
  <testcase name="test" time="21.870" classname="test.chromepro"/>
</testsuite> <!-- test.chromepro -->
